[debug] [2020-09-24T22:25:45.580Z] ----------------------------------------------------------------------
[debug] [2020-09-24T22:25:45.583Z] Command:       C:\Program Files\nodejs\node.exe C:\Users\Admin\AppData\Roaming\npm\node_modules\firebase-tools\lib\bin\firebase.js init
[debug] [2020-09-24T22:25:45.583Z] CLI Version:   8.10.0
[debug] [2020-09-24T22:25:45.583Z] Platform:      win32
[debug] [2020-09-24T22:25:45.583Z] Node Version:  v12.18.2
[debug] [2020-09-24T22:25:45.591Z] Time:          Fri Sep 25 2020 00:25:45 GMT+0200 (GMT+02:00)
[debug] [2020-09-24T22:25:45.591Z] ----------------------------------------------------------------------
[debug] [2020-09-24T22:25:45.591Z] 
[debug] [2020-09-24T22:25:45.606Z] > command requires scopes: ["email","openid","https://www.googleapis.com/auth/cloudplatformprojects.readonly","https://www.googleapis.com/auth/firebase","https://www.googleapis.com/auth/cloud-platform"]
[debug] [2020-09-24T22:25:45.606Z] > authorizing via signed-in user
[info] 
     ######## #### ########  ######## ########     ###     ######  ########
     ##        ##  ##     ## ##       ##     ##  ##   ##  ##       ##
     ######    ##  ########  ######   ########  #########  ######  ######
     ##        ##  ##    ##  ##       ##     ## ##     ##       ## ##
     ##       #### ##     ## ######## ########  ##     ##  ######  ########

You're about to initialize a Firebase project in this directory:

  E:\VisualStudio\Airbnb-clone\airbnb-clone

[info] 
=== Project Setup
[info] 
[info] First, let's associate this project directory with a Firebase project.
[info] You can create multiple project aliases by running firebase use --add, 
[info] but for now we'll just set up a default project.
[info] 
